# JRE version: OpenJDK Runtime Environment GraalVM CE 22.3.0 (17.0.5+8) (build 17.0.5+8-jvmci-22.3-b08)
# Java VM: OpenJDK 64-Bit Server VM GraalVM CE 22.3.0 (17.0.5+8-jvmci-22.3-b08, mixed mode, sharing, tiered, jvmci, jvmci compiler, compressed oops, compressed class ptrs, parallel gc, linux-amd64)
GC Precious Log:
 CPUs: 8 total, 1 available
 Memory: 1024M
 Large Page Support: Disabled
 NUMA Support: Disabled
 Compressed Oops: Enabled (32-bit)
 Alignments: Space 512K, Generation 512K, Heap 2M
 Heap Min Capacity: 100M
 Heap Initial Capacity: 100M
 Heap Max Capacity: 512M
 Pre-touch: Disabled
 Parallel Workers: 1
Heap:
 PSYoungGen      total 40960K, used 29696K [0x00000000f5580000, 0x00000000f8b80000, 0x0000000100000000)
  eden space 29696K, 100% used [0x00000000f5580000,0x00000000f7280000,0x00000000f7280000)
  from space 11264K, 0% used [0x00000000f7280000,0x00000000f7280000,0x00000000f7d80000)
  to   space 11264K, 0% used [0x00000000f7e00000,0x00000000f7e00000,0x00000000f8900000)
 ParOldGen       total 349696K, used 349695K [0x00000000e0000000, 0x00000000f5580000, 0x00000000f5580000)
  object space 349696K, 99% used [0x00000000e0000000,0x00000000f557fff8,0x00000000f5580000)
 Metaspace       used 63889K, committed 64960K, reserved 1114112K
  class space    used 6317K, committed 6784K, reserved 1048576K
GC Heap History (20 events):
Event: 999.675 GC heap before
{Heap before GC invocations=751 (full 624):
 PSYoungGen      total 40960K, used 29695K [0x00000000f5580000, 0x00000000f8b80000, 0x0000000100000000)
  eden space 29696K, 99% used [0x00000000f5580000,0x00000000f727fff8,0x00000000f7280000)
  from space 11264K, 0% used [0x00000000f7280000,0x00000000f7280000,0x00000000f7d80000)
  to   space 11264K, 0% used [0x00000000f7e00000,0x00000000f7e00000,0x00000000f8900000)
 ParOldGen       total 349696K, used 349693K [0x00000000e0000000, 0x00000000f5580000, 0x00000000f5580000)
  object space 349696K, 99% used [0x00000000e0000000,0x00000000f557f708,0x00000000f5580000)
 Metaspace       used 63889K, committed 64960K, reserved 1114112K
  class space    used 6317K, committed 6784K, reserved 1048576K
}
Event: 1001.067 GC heap after
{Heap after GC invocations=751 (full 624):
 PSYoungGen      total 40960K, used 29695K [0x00000000f5580000, 0x00000000f8b80000, 0x0000000100000000)
  eden space 29696K, 99% used [0x00000000f5580000,0x00000000f727fff8,0x00000000f7280000)
  from space 11264K, 0% used [0x00000000f7e00000,0x00000000f7e00000,0x00000000f8900000)
  to   space 11264K, 0% used [0x00000000f7280000,0x00000000f7280000,0x00000000f7d80000)
 ParOldGen       total 349696K, used 349691K [0x00000000e0000000, 0x00000000f5580000, 0x00000000f5580000)
  object space 349696K, 99% used [0x00000000e0000000,0x00000000f557eed8,0x00000000f5580000)
 Metaspace       used 63889K, committed 64960K, reserved 1114112K
  class space    used 6317K, committed 6784K, reserved 1048576K
}
Event: 1001.072 GC heap before
{Heap before GC invocations=752 (full 625):
 PSYoungGen      total 40960K, used 29695K [0x00000000f5580000, 0x00000000f8b80000, 0x0000000100000000)
  eden space 29696K, 99% used [0x00000000f5580000,0x00000000f727fff8,0x00000000f7280000)
  from space 11264K, 0% used [0x00000000f7e00000,0x00000000f7e00000,0x00000000f8900000)
  to   space 11264K, 0% used [0x00000000f7280000,0x00000000f7280000,0x00000000f7d80000)
 ParOldGen       total 349696K, used 349695K [0x00000000e0000000, 0x00000000f5580000, 0x00000000f5580000)
  object space 349696K, 99% used [0x00000000e0000000,0x00000000f557ffa0,0x00000000f5580000)
 Metaspace       used 63889K, committed 64960K, reserved 1114112K
  class space    used 6317K, committed 6784K, reserved 1048576K
}
Event: 1002.493 GC heap after
{Heap after GC invocations=752 (full 625):
 PSYoungGen      total 40960K, used 29695K [0x00000000f5580000, 0x00000000f8b80000, 0x0000000100000000)
  eden space 29696K, 99% used [0x00000000f5580000,0x00000000f727ffc0,0x00000000f7280000)
  from space 11264K, 0% used [0x00000000f7280000,0x00000000f7280000,0x00000000f7d80000)
  to   space 11264K, 0% used [0x00000000f7e00000,0x00000000f7e00000,0x00000000f8900000)
 ParOldGen       total 349696K, used 349693K [0x00000000e0000000, 0x00000000f5580000, 0x00000000f5580000)
  object space 349696K, 99% used [0x00000000e0000000,0x00000000f557f558,0x00000000f5580000)
 Metaspace       used 63889K, committed 64960K, reserved 1114112K
  class space    used 6317K, committed 6784K, reserved 1048576K
}
Event: 1002.497 GC heap before
{Heap before GC invocations=753 (full 626):
 PSYoungGen      total 40960K, used 29695K [0x00000000f5580000, 0x00000000f8b80000, 0x0000000100000000)
  eden space 29696K, 99% used [0x00000000f5580000,0x00000000f727fff0,0x00000000f7280000)
  from space 11264K, 0% used [0x00000000f7280000,0x00000000f7280000,0x00000000f7d80000)
  to   space 11264K, 0% used [0x00000000f7e00000,0x00000000f7e00000,0x00000000f8900000)
 ParOldGen       total 349696K, used 349693K [0x00000000e0000000, 0x00000000f5580000, 0x00000000f5580000)
  object space 349696K, 99% used [0x00000000e0000000,0x00000000f557f558,0x00000000f5580000)
 Metaspace       used 63889K, committed 64960K, reserved 1114112K
  class space    used 6317K, committed 6784K, reserved 1048576K
}
Event: 1004.209 GC heap after
{Heap after GC invocations=753 (full 626):
 PSYoungGen      total 40960K, used 29695K [0x00000000f5580000, 0x00000000f8b80000, 0x0000000100000000)
  eden space 29696K, 99% used [0x00000000f5580000,0x00000000f727fff0,0x00000000f7280000)
  from space 11264K, 0% used [0x00000000f7e00000,0x00000000f7e00000,0x00000000f8900000)
  to   space 11264K, 0% used [0x00000000f7280000,0x00000000f7280000,0x00000000f7d80000)
 ParOldGen       total 349696K, used 349693K [0x00000000e0000000, 0x00000000f5580000, 0x00000000f5580000)
  object space 349696K, 99% used [0x00000000e0000000,0x00000000f557f538,0x00000000f5580000)
 Metaspace       used 63889K, committed 64960K, reserved 1114112K
  class space    used 6317K, committed 6784K, reserved 1048576K
}
Event: 1004.210 GC heap before
{Heap before GC invocations=754 (full 627):
 PSYoungGen      total 40960K, used 29696K [0x00000000f5580000, 0x00000000f8b80000, 0x0000000100000000)
  eden space 29696K, 100% used [0x00000000f5580000,0x00000000f7280000,0x00000000f7280000)
  from space 11264K, 0% used [0x00000000f7e00000,0x00000000f7e00000,0x00000000f8900000)
  to   space 11264K, 0% used [0x00000000f7280000,0x00000000f7280000,0x00000000f7d80000)
 ParOldGen       total 349696K, used 349693K [0x00000000e0000000, 0x00000000f5580000, 0x00000000f5580000)
  object space 349696K, 99% used [0x00000000e0000000,0x00000000f557f628,0x00000000f5580000)
 Metaspace       used 63889K, committed 64960K, reserved 1114112K
  class space    used 6317K, committed 6784K, reserved 1048576K
}
Event: 1005.779 GC heap after
{Heap after GC invocations=754 (full 627):
 PSYoungGen      total 40960K, used 29695K [0x00000000f5580000, 0x00000000f8b80000, 0x0000000100000000)
  eden space 29696K, 99% used [0x00000000f5580000,0x00000000f727ffd0,0x00000000f7280000)
  from space 11264K, 0% used [0x00000000f7280000,0x00000000f7280000,0x00000000f7d80000)
  to   space 11264K, 0% used [0x00000000f7e00000,0x00000000f7e00000,0x00000000f8900000)
 ParOldGen       total 349696K, used 349693K [0x00000000e0000000, 0x00000000f5580000, 0x00000000f5580000)
  object space 349696K, 99% used [0x00000000e0000000,0x00000000f557f628,0x00000000f5580000)
 Metaspace       used 63889K, committed 64960K, reserved 1114112K
  class space    used 6317K, committed 6784K, reserved 1048576K
}
Event: 1005.779 GC heap before
{Heap before GC invocations=755 (full 628):
 PSYoungGen      total 40960K, used 29695K [0x00000000f5580000, 0x00000000f8b80000, 0x0000000100000000)
  eden space 29696K, 99% used [0x00000000f5580000,0x00000000f727ffd0,0x00000000f7280000)
  from space 11264K, 0% used [0x00000000f7280000,0x00000000f7280000,0x00000000f7d80000)
  to   space 11264K, 0% used [0x00000000f7e00000,0x00000000f7e00000,0x00000000f8900000)
 ParOldGen       total 349696K, used 349693K [0x00000000e0000000, 0x00000000f5580000, 0x00000000f5580000)
  object space 349696K, 99% used [0x00000000e0000000,0x00000000f557f628,0x00000000f5580000)
 Metaspace       used 63889K, committed 64960K, reserved 1114112K
  class space    used 6317K, committed 6784K, reserved 1048576K
}
Event: 1007.272 GC heap after
{Heap after GC invocations=755 (full 628):
 PSYoungGen      total 40960K, used 29695K [0x00000000f5580000, 0x00000000f8b80000, 0x0000000100000000)
  eden space 29696K, 99% used [0x00000000f5580000,0x00000000f727ffd0,0x00000000f7280000)
  from space 11264K, 0% used [0x00000000f7e00000,0x00000000f7e00000,0x00000000f8900000)
  to   space 11264K, 0% used [0x00000000f7280000,0x00000000f7280000,0x00000000f7d80000)
 ParOldGen       total 349696K, used 349693K [0x00000000e0000000, 0x00000000f5580000, 0x00000000f5580000)
  object space 349696K, 99% used [0x00000000e0000000,0x00000000f557f628,0x00000000f5580000)
 Metaspace       used 63889K, committed 64960K, reserved 1114112K
  class space    used 6317K, committed 6784K, reserved 1048576K
}
Event: 1007.272 GC heap before
{Heap before GC invocations=756 (full 629):
 PSYoungGen      total 40960K, used 29696K [0x00000000f5580000, 0x00000000f8b80000, 0x0000000100000000)
  eden space 29696K, 100% used [0x00000000f5580000,0x00000000f7280000,0x00000000f7280000)
  from space 11264K, 0% used [0x00000000f7e00000,0x00000000f7e00000,0x00000000f8900000)
  to   space 11264K, 0% used [0x00000000f7280000,0x00000000f7280000,0x00000000f7d80000)
 ParOldGen       total 349696K, used 349695K [0x00000000e0000000, 0x00000000f5580000, 0x00000000f5580000)
  object space 349696K, 99% used [0x00000000e0000000,0x00000000f557fcd0,0x00000000f5580000)
 Metaspace       used 63889K, committed 64960K, reserved 1114112K
  class space    used 6317K, committed 6784K, reserved 1048576K
}
Event: 1008.782 GC heap after
{Heap after GC invocations=756 (full 629):
 PSYoungGen      total 40960K, used 29695K [0x00000000f5580000, 0x00000000f8b80000, 0x0000000100000000)
  eden space 29696K, 99% used [0x00000000f5580000,0x00000000f727fff0,0x00000000f7280000)
  from space 11264K, 0% used [0x00000000f7280000,0x00000000f7280000,0x00000000f7d80000)
  to   space 11264K, 0% used [0x00000000f7e00000,0x00000000f7e00000,0x00000000f8900000)
 ParOldGen       total 349696K, used 349693K [0x00000000e0000000, 0x00000000f5580000, 0x00000000f5580000)
  object space 349696K, 99% used [0x00000000e0000000,0x00000000f557f6c0,0x00000000f5580000)
 Metaspace       used 63889K, committed 64960K, reserved 1114112K
  class space    used 6317K, committed 6784K, reserved 1048576K
}
Event: 1008.783 GC heap before
{Heap before GC invocations=757 (full 630):
 PSYoungGen      total 40960K, used 29696K [0x00000000f5580000, 0x00000000f8b80000, 0x0000000100000000)
  eden space 29696K, 100% used [0x00000000f5580000,0x00000000f7280000,0x00000000f7280000)
  from space 11264K, 0% used [0x00000000f7280000,0x00000000f7280000,0x00000000f7d80000)
  to   space 11264K, 0% used [0x00000000f7e00000,0x00000000f7e00000,0x00000000f8900000)
 ParOldGen       total 349696K, used 349695K [0x00000000e0000000, 0x00000000f5580000, 0x00000000f5580000)
  object space 349696K, 99% used [0x00000000e0000000,0x00000000f557ff78,0x00000000f5580000)
 Metaspace       used 63889K, committed 64960K, reserved 1114112K
  class space    used 6317K, committed 6784K, reserved 1048576K
}
Event: 1010.067 GC heap after
{Heap after GC invocations=757 (full 630):
 PSYoungGen      total 40960K, used 29695K [0x00000000f5580000, 0x00000000f8b80000, 0x0000000100000000)
  eden space 29696K, 99% used [0x00000000f5580000,0x00000000f727ffe0,0x00000000f7280000)
  from space 11264K, 0% used [0x00000000f7e00000,0x00000000f7e00000,0x00000000f8900000)
  to   space 11264K, 0% used [0x00000000f7280000,0x00000000f7280000,0x00000000f7d80000)
 ParOldGen       total 349696K, used 349694K [0x00000000e0000000, 0x00000000f5580000, 0x00000000f5580000)
  object space 349696K, 99% used [0x00000000e0000000,0x00000000f557fb08,0x00000000f5580000)
 Metaspace       used 63889K, committed 64960K, reserved 1114112K
  class space    used 6317K, committed 6784K, reserved 1048576K
}
Event: 1010.069 GC heap before
{Heap before GC invocations=758 (full 631):
 PSYoungGen      total 40960K, used 29695K [0x00000000f5580000, 0x00000000f8b80000, 0x0000000100000000)
  eden space 29696K, 99% used [0x00000000f5580000,0x00000000f727fff8,0x00000000f7280000)
  from space 11264K, 0% used [0x00000000f7e00000,0x00000000f7e00000,0x00000000f8900000)
  to   space 11264K, 0% used [0x00000000f7280000,0x00000000f7280000,0x00000000f7d80000)
 ParOldGen       total 349696K, used 349694K [0x00000000e0000000, 0x00000000f5580000, 0x00000000f5580000)
  object space 349696K, 99% used [0x00000000e0000000,0x00000000f557fb08,0x00000000f5580000)
 Metaspace       used 63889K, committed 64960K, reserved 1114112K
  class space    used 6317K, committed 6784K, reserved 1048576K
}
Event: 1011.290 GC heap after
{Heap after GC invocations=758 (full 631):
 PSYoungGen      total 40960K, used 29695K [0x00000000f5580000, 0x00000000f8b80000, 0x0000000100000000)
  eden space 29696K, 99% used [0x00000000f5580000,0x00000000f727fff8,0x00000000f7280000)
  from space 11264K, 0% used [0x00000000f7280000,0x00000000f7280000,0x00000000f7d80000)
  to   space 11264K, 0% used [0x00000000f7e00000,0x00000000f7e00000,0x00000000f8900000)
 ParOldGen       total 349696K, used 349694K [0x00000000e0000000, 0x00000000f5580000, 0x00000000f5580000)
  object space 349696K, 99% used [0x00000000e0000000,0x00000000f557fb08,0x00000000f5580000)
 Metaspace       used 63889K, committed 64960K, reserved 1114112K
  class space    used 6317K, committed 6784K, reserved 1048576K
}
Event: 1011.290 GC heap before
{Heap before GC invocations=759 (full 632):
 PSYoungGen      total 40960K, used 29695K [0x00000000f5580000, 0x00000000f8b80000, 0x0000000100000000)
  eden space 29696K, 99% used [0x00000000f5580000,0x00000000f727fff8,0x00000000f7280000)
  from space 11264K, 0% used [0x00000000f7280000,0x00000000f7280000,0x00000000f7d80000)
  to   space 11264K, 0% used [0x00000000f7e00000,0x00000000f7e00000,0x00000000f8900000)
 ParOldGen       total 349696K, used 349695K [0x00000000e0000000, 0x00000000f5580000, 0x00000000f5580000)
  object space 349696K, 99% used [0x00000000e0000000,0x00000000f557fe10,0x00000000f5580000)
 Metaspace       used 63889K, committed 64960K, reserved 1114112K
  class space    used 6317K, committed 6784K, reserved 1048576K
}
Event: 1014.271 GC heap after
{Heap after GC invocations=759 (full 632):
 PSYoungGen      total 40960K, used 29695K [0x00000000f5580000, 0x00000000f8b80000, 0x0000000100000000)
  eden space 29696K, 99% used [0x00000000f5580000,0x00000000f727ffe0,0x00000000f7280000)
  from space 11264K, 0% used [0x00000000f7e00000,0x00000000f7e00000,0x00000000f8900000)
  to   space 11264K, 0% used [0x00000000f7280000,0x00000000f7280000,0x00000000f7d80000)
 ParOldGen       total 349696K, used 349695K [0x00000000e0000000, 0x00000000f5580000, 0x00000000f5580000)
  object space 349696K, 99% used [0x00000000e0000000,0x00000000f557fc50,0x00000000f5580000)
 Metaspace       used 63889K, committed 64960K, reserved 1114112K
  class space    used 6317K, committed 6784K, reserved 1048576K
}
Event: 1014.271 GC heap before
{Heap before GC invocations=760 (full 633):
 PSYoungGen      total 40960K, used 29695K [0x00000000f5580000, 0x00000000f8b80000, 0x0000000100000000)
  eden space 29696K, 99% used [0x00000000f5580000,0x00000000f727ffe0,0x00000000f7280000)
  from space 11264K, 0% used [0x00000000f7e00000,0x00000000f7e00000,0x00000000f8900000)
  to   space 11264K, 0% used [0x00000000f7280000,0x00000000f7280000,0x00000000f7d80000)
 ParOldGen       total 349696K, used 349695K [0x00000000e0000000, 0x00000000f5580000, 0x00000000f5580000)
  object space 349696K, 99% used [0x00000000e0000000,0x00000000f557fc50,0x00000000f5580000)
 Metaspace       used 63889K, committed 64960K, reserved 1114112K
  class space    used 6317K, committed 6784K, reserved 1048576K
}
Event: 1017.904 GC heap after
{Heap after GC invocations=760 (full 633):
 PSYoungGen      total 40960K, used 29695K [0x00000000f5580000, 0x00000000f8b80000, 0x0000000100000000)
  eden space 29696K, 99% used [0x00000000f5580000,0x00000000f727ffe0,0x00000000f7280000)
  from space 11264K, 0% used [0x00000000f7280000,0x00000000f7280000,0x00000000f7d80000)
  to   space 11264K, 0% used [0x00000000f7e00000,0x00000000f7e00000,0x00000000f8900000)
 ParOldGen       total 349696K, used 349695K [0x00000000e0000000, 0x00000000f5580000, 0x00000000f5580000)
  object space 349696K, 99% used [0x00000000e0000000,0x00000000f557fc50,0x00000000f5580000)
 Metaspace       used 63889K, committed 64960K, reserved 1114112K
  class space    used 6317K, committed 6784K, reserved 1048576K
}

